<!DOCTYPE html PUBLIC "-//W3C//DTD XHTML 1.1//EN" "http://www.w3.org/TR/xhtml11/DTD/xhtml11.dtd">
<html xmlns="http://www.w3.org/1999/xhtml">
<head>
<meta http-equiv="content-type" content="text/html; charset=UTF-8"/>
<title>TestNG Report</title>
<style type="text/css">table {margin-bottom:10px;border-collapse:collapse;empty-cells:show}th,td {border:1px solid #009;padding:.25em .5em}th {vertical-align:bottom}td {vertical-align:top}table a {font-weight:bold}.stripe td {background-color: #E6EBF9}.num {text-align:right}.passedodd td {background-color: #3F3}.passedeven td {background-color: #0A0}.skippedodd td {background-color: #DDD}.skippedeven td {background-color: #CCC}.failedodd td,.attn {background-color: #F33}.failedeven td,.stripe .attn {background-color: #D00}.stacktrace {white-space:pre;font-family:monospace}.totop {font-size:85%;text-align:center;border-bottom:2px solid #000}.invisible {display:none}</style>
</head>
<body>
<table>
<tr><th>Test</th><th># Passed</th><th># Skipped</th><th># Failed</th><th>Time (ms)</th><th>Included Groups</th><th>Excluded Groups</th></tr>
<tr><th colspan="7">Test suite</th></tr>
<tr><td><a href="#t0">Chrome</a></td><td class="num">1</td><td class="num">0</td><td class="num">0</td><td class="num">8,844</td><td></td><td></td></tr>
<tr class="stripe"><td><a href="#t1">Firefox </a></td><td class="num">1</td><td class="num">0</td><td class="num">0</td><td class="num">6,519</td><td></td><td></td></tr>
<tr><td><a href="#t2">Edge </a></td><td class="num">0</td><td class="num attn">1</td><td class="num">0</td><td class="num">14</td><td></td><td></td></tr>
<tr><th>Total</th><th class="num">2</th><th class="num attn">1</th><th class="num">0</th><th class="num">15,377</th><th colspan="2"></th></tr>
</table>
<table id='summary'><thead><tr><th>Class</th><th>Method</th><th>Start</th><th>Time (ms)</th></tr></thead><tbody><tr><th colspan="4">Test suite</th></tr></tbody><tbody id="t0"><tr><th colspan="4">Chrome &#8212; passed</th></tr><tr class="passedeven"><td rowspan="1">com.usa.testNg.CrossBrowsingTesting</td><td><a href="#m0">browserTesting</a></td><td rowspan="1">1606628391484</td><td rowspan="1">5303</td></tr></tbody>
<tbody id="t1"><tr><th colspan="4">Firefox  &#8212; passed</th></tr><tr class="passedeven"><td rowspan="1">com.usa.testNg.CrossBrowsingTesting</td><td><a href="#m1">browserTesting</a></td><td rowspan="1">1606628400524</td><td rowspan="1">2805</td></tr></tbody>
<tbody id="t2"><tr><th colspan="4">Edge  &#8212; failed (configuration methods)</th></tr><tr class="failedeven"><td rowspan="1">com.usa.testNg.CrossBrowsingTesting</td><td><a href="#m2">browserSetup</a></td><td rowspan="1">1606628403338</td><td rowspan="1">7</td></tr><tr><th colspan="4">Edge  &#8212; skipped</th></tr><tr class="skippedeven"><td rowspan="1">com.usa.testNg.CrossBrowsingTesting</td><td><a href="#m3">browserTesting</a></td><td rowspan="1">1606628403350</td><td rowspan="1">0</td></tr></tbody>
</table>
<h2>Chrome</h2><h3 id="m0">com.usa.testNg.CrossBrowsingTesting#browserTesting</h3><table class="result"><tr><th class="invisible"/></tr></table><p class="totop"><a href="#summary">back to summary</a></p>
<h2>Firefox </h2><h3 id="m1">com.usa.testNg.CrossBrowsingTesting#browserTesting</h3><table class="result"><tr><th class="invisible"/></tr></table><p class="totop"><a href="#summary">back to summary</a></p>
<h2>Edge </h2><h3 id="m2">com.usa.testNg.CrossBrowsingTesting#browserSetup</h3><table class="result"><tr class="param"><th>Parameter #1</th></tr><tr class="param stripe"><td>edge</td></tr><tr><th>Exception</th></tr><tr><td><div class="stacktrace">java.lang.IllegalStateException: The driver executable does not exist: C:\Driver\msedgedriver.exe
	at com.google.common.base.Preconditions.checkState(Preconditions.java:585)
	at org.openqa.selenium.remote.service.DriverService.checkExecutable(DriverService.java:136)
	at org.openqa.selenium.remote.service.DriverService.findExecutable(DriverService.java:131)
	at org.openqa.selenium.edge.EdgeDriverService.access$000(EdgeDriverService.java:34)
	at org.openqa.selenium.edge.EdgeDriverService$Builder.findDefaultExecutable(EdgeDriverService.java:75)
	at org.openqa.selenium.remote.service.DriverService$Builder.build(DriverService.java:339)
	at org.openqa.selenium.edge.EdgeDriverService.createDefaultService(EdgeDriverService.java:67)
	at org.openqa.selenium.edge.EdgeDriver.&lt;init&gt;(EdgeDriver.java:96)
	at com.usa.testNg.CrossBrowsingTesting.browserSetup(CrossBrowsingTesting.java:33)
... Removed 24 stack frames</div></td></tr></table><p class="totop"><a href="#summary">back to summary</a></p>
<h3 id="m3">com.usa.testNg.CrossBrowsingTesting#browserTesting</h3><table class="result"><tr><th>Exception</th></tr><tr><td><div class="stacktrace">java.lang.IllegalStateException: The driver executable does not exist: C:\Driver\msedgedriver.exe
	at com.google.common.base.Preconditions.checkState(Preconditions.java:585)
	at org.openqa.selenium.remote.service.DriverService.checkExecutable(DriverService.java:136)
	at org.openqa.selenium.remote.service.DriverService.findExecutable(DriverService.java:131)
	at org.openqa.selenium.edge.EdgeDriverService.access$000(EdgeDriverService.java:34)
	at org.openqa.selenium.edge.EdgeDriverService$Builder.findDefaultExecutable(EdgeDriverService.java:75)
	at org.openqa.selenium.remote.service.DriverService$Builder.build(DriverService.java:339)
	at org.openqa.selenium.edge.EdgeDriverService.createDefaultService(EdgeDriverService.java:67)
	at org.openqa.selenium.edge.EdgeDriver.&lt;init&gt;(EdgeDriver.java:96)
	at com.usa.testNg.CrossBrowsingTesting.browserSetup(CrossBrowsingTesting.java:33)
... Removed 24 stack frames</div></td></tr></table><p class="totop"><a href="#summary">back to summary</a></p>
</body>
</html>
